<?xml version="1.0" encoding="UTF-8"?>
<testng-results skipped="0" failed="0" ignored="0" total="2" passed="2">
  <reporter-output>
  </reporter-output>
  <suite name="Suite" duration-ms="40038" started-at="2019-12-14T17:49:40 IST" finished-at="2019-12-14T17:50:20 IST">
    <groups>
    </groups>
    <test name="Test" duration-ms="40038" started-at="2019-12-14T17:49:40 IST" finished-at="2019-12-14T17:50:20 IST">
      <class name="com.hrms.TestScripts.TC_102">
        <test-method status="PASS" signature="object()[pri:0, instance:com.hrms.TestScripts.TC_102@6d7b4f4c]" name="object" is-config="true" duration-ms="18311" started-at="2019-12-14T17:49:40 IST" finished-at="2019-12-14T17:49:58 IST">
          <reporter-output>
          </reporter-output>
        </test-method> <!-- object -->
        <test-method status="PASS" signature="AddEmp()[pri:3, instance:com.hrms.TestScripts.TC_102@6d7b4f4c]" name="AddEmp" duration-ms="11226" started-at="2019-12-14T17:49:58 IST" finished-at="2019-12-14T17:50:09 IST">
          <reporter-output>
          </reporter-output>
        </test-method> <!-- AddEmp -->
        <test-method status="PASS" signature="DelEmp()[pri:4, instance:com.hrms.TestScripts.TC_102@6d7b4f4c]" name="DelEmp" duration-ms="6445" started-at="2019-12-14T17:50:09 IST" finished-at="2019-12-14T17:50:16 IST">
          <reporter-output>
          </reporter-output>
        </test-method> <!-- DelEmp -->
        <test-method status="PASS" signature="Logout()[pri:0, instance:com.hrms.TestScripts.TC_102@6d7b4f4c]" name="Logout" is-config="true" duration-ms="4030" started-at="2019-12-14T17:50:16 IST" finished-at="2019-12-14T17:50:20 IST">
          <reporter-output>
          </reporter-output>
        </test-method> <!-- Logout -->
      </class> <!-- com.hrms.TestScripts.TC_102 -->
    </test> <!-- Test -->
  </suite> <!-- Suite -->
</testng-results>
